2019-12-04 04:24:51 INFO  c.d.r.RoleBasedOauth2Application - Starting RoleBasedOauth2Application on lab005 with PID 12628 (C:\Users\tsipl0con\git\Oauth2RoleBased\Oauth2RoleBased\target\classes started by tsipl0con in C:\Users\tsipl0con\git\Oauth2RoleBased\Oauth2RoleBased)
2019-12-04 04:24:51 INFO  c.d.r.RoleBasedOauth2Application - No active profile set, falling back to default profiles: default
2019-12-04 04:24:51 INFO  o.s.d.r.c.RepositoryConfigurationDelegate - Bootstrapping Spring Data repositories in DEFAULT mode.
2019-12-04 04:24:51 INFO  o.s.d.r.c.RepositoryConfigurationDelegate - Finished Spring Data repository scanning in 46ms. Found 2 repository interfaces.
2019-12-04 04:24:52 INFO  o.s.c.s.PostProcessorRegistrationDelegate$BeanPostProcessorChecker - Bean 'org.springframework.transaction.annotation.ProxyTransactionManagementConfiguration' of type [org.springframework.transaction.annotation.ProxyTransactionManagementConfiguration$$EnhancerBySpringCGLIB$$46d8567f] is not eligible for getting processed by all BeanPostProcessors (for example: not eligible for auto-proxying)
2019-12-04 04:24:52 INFO  o.s.c.s.PostProcessorRegistrationDelegate$BeanPostProcessorChecker - Bean 'org.springframework.security.config.annotation.configuration.ObjectPostProcessorConfiguration' of type [org.springframework.security.config.annotation.configuration.ObjectPostProcessorConfiguration$$EnhancerBySpringCGLIB$$df861eb9] is not eligible for getting processed by all BeanPostProcessors (for example: not eligible for auto-proxying)
2019-12-04 04:24:52 INFO  o.s.c.s.PostProcessorRegistrationDelegate$BeanPostProcessorChecker - Bean 'objectPostProcessor' of type [org.springframework.security.config.annotation.configuration.AutowireBeanFactoryObjectPostProcessor] is not eligible for getting processed by all BeanPostProcessors (for example: not eligible for auto-proxying)
2019-12-04 04:24:52 INFO  o.s.c.s.PostProcessorRegistrationDelegate$BeanPostProcessorChecker - Bean 'org.springframework.security.access.expression.method.DefaultMethodSecurityExpressionHandler@28952dea' of type [org.springframework.security.access.expression.method.DefaultMethodSecurityExpressionHandler] is not eligible for getting processed by all BeanPostProcessors (for example: not eligible for auto-proxying)
2019-12-04 04:24:52 INFO  o.s.c.s.PostProcessorRegistrationDelegate$BeanPostProcessorChecker - Bean 'org.springframework.security.config.annotation.method.configuration.GlobalMethodSecurityConfiguration' of type [org.springframework.security.config.annotation.method.configuration.GlobalMethodSecurityConfiguration$$EnhancerBySpringCGLIB$$45ac16b] is not eligible for getting processed by all BeanPostProcessors (for example: not eligible for auto-proxying)
2019-12-04 04:24:52 INFO  o.s.c.s.PostProcessorRegistrationDelegate$BeanPostProcessorChecker - Bean 'methodSecurityMetadataSource' of type [org.springframework.security.access.method.DelegatingMethodSecurityMetadataSource] is not eligible for getting processed by all BeanPostProcessors (for example: not eligible for auto-proxying)
2019-12-04 04:24:52 INFO  o.s.b.w.e.tomcat.TomcatWebServer - Tomcat initialized with port(s): 9099 (http)
2019-12-04 04:24:52 INFO  o.a.coyote.http11.Http11NioProtocol - Initializing ProtocolHandler ["http-nio-9099"]
2019-12-04 04:24:52 INFO  o.a.catalina.core.StandardService - Starting service [Tomcat]
2019-12-04 04:24:52 INFO  o.a.catalina.core.StandardEngine - Starting Servlet Engine: Apache Tomcat/9.0.13
2019-12-04 04:24:52 INFO  o.a.c.core.AprLifecycleListener - The APR based Apache Tomcat Native library which allows optimal performance in production environments was not found on the java.library.path: [C:\Program Files\Java\jre1.8.0_211\bin;C:\Windows\Sun\Java\bin;C:\Windows\system32;C:\Windows;C:/Program Files/Java/jre1.8.0_211/bin/server;C:/Program Files/Java/jre1.8.0_211/bin;C:/Program Files/Java/jre1.8.0_211/lib/amd64;C:\Program Files (x86)\Common Files\Oracle\Java\javapath;C:\Windows\system32;C:\Windows;C:\Windows\System32\Wbem;C:\Windows\System32\WindowsPowerShell\v1.0\;C:\Windows\System32\OpenSSH\;C:\Program Files\ONLYOFFICE\DesktopEditors\converter;C:\Users\tsipl0con\AppData\Local\Microsoft\WindowsApps;;C:\Users\tsipl0con\Downloads\spring-tool-suite-3.9.10.RELEASE-e4.13.0-win32-x86_64\sts-bundle\sts-3.9.10.RELEASE;;.]
2019-12-04 04:24:52 INFO  o.a.c.c.C.[Tomcat].[localhost].[/] - Initializing Spring embedded WebApplicationContext
2019-12-04 04:24:52 INFO  o.s.web.context.ContextLoader - Root WebApplicationContext: initialization completed in 1229 ms
2019-12-04 04:24:52 INFO  com.zaxxer.hikari.HikariDataSource - HikariPool-1 - Starting...
2019-12-04 04:24:52 INFO  com.zaxxer.hikari.HikariDataSource - HikariPool-1 - Start completed.
2019-12-04 04:24:52 INFO  o.h.jpa.internal.util.LogHelper - HHH000204: Processing PersistenceUnitInfo [
	name: default
	...]
2019-12-04 04:24:52 INFO  org.hibernate.Version - HHH000412: Hibernate Core {5.3.7.Final}
2019-12-04 04:24:52 INFO  org.hibernate.cfg.Environment - HHH000206: hibernate.properties not found
2019-12-04 04:24:53 INFO  o.h.annotations.common.Version - HCANN000001: Hibernate Commons Annotations {5.0.4.Final}
2019-12-04 04:24:53 INFO  org.hibernate.dialect.Dialect - HHH000400: Using dialect: org.hibernate.dialect.H2Dialect
2019-12-04 04:24:53 INFO  o.h.t.s.internal.SchemaCreatorImpl - HHH000476: Executing import script 'org.hibernate.tool.schema.internal.exec.ScriptSourceInputNonExistentImpl@16d0e521'
2019-12-04 04:24:53 INFO  o.s.o.j.LocalContainerEntityManagerFactoryBean - Initialized JPA EntityManagerFactory for persistence unit 'default'
2019-12-04 04:24:54 WARN  o.s.s.o.p.t.s.JwtAccessTokenConverter - Unable to create an RSA verifier from verifierKey (ignoreable if using MAC)
2019-12-04 04:24:54 INFO  o.s.s.web.DefaultSecurityFilterChain - Creating filter chain: OrRequestMatcher [requestMatchers=[Ant [pattern='/users/user/login'], Ant [pattern='/oauth/token_key'], Ant [pattern='/oauth/check_token']]], [org.springframework.security.web.context.request.async.WebAsyncManagerIntegrationFilter@643f6179, org.springframework.security.web.context.SecurityContextPersistenceFilter@426710f0, org.springframework.security.web.header.HeaderWriterFilter@1d283d1, org.springframework.security.web.authentication.logout.LogoutFilter@7afe0e67, org.springframework.security.web.authentication.www.BasicAuthenticationFilter@100d0218, org.springframework.security.web.savedrequest.RequestCacheAwareFilter@5e37fb82, org.springframework.security.web.servletapi.SecurityContextHolderAwareRequestFilter@5be51aa, org.springframework.security.web.authentication.AnonymousAuthenticationFilter@61ab6521, org.springframework.security.web.session.SessionManagementFilter@56da96b3, org.springframework.security.web.access.ExceptionTranslationFilter@2296127, org.springframework.security.web.access.intercept.FilterSecurityInterceptor@729cd862]
2019-12-04 04:24:54 INFO  o.s.s.web.DefaultSecurityFilterChain - Creating filter chain: org.springframework.security.oauth2.config.annotation.web.configuration.ResourceServerConfiguration$NotOAuthRequestMatcher@1934339, [org.springframework.security.web.context.request.async.WebAsyncManagerIntegrationFilter@4af12a63, org.springframework.security.web.context.SecurityContextPersistenceFilter@2b458cd6, org.springframework.security.web.header.HeaderWriterFilter@3a5e2525, org.springframework.security.web.authentication.logout.LogoutFilter@227a933d, org.springframework.security.oauth2.provider.authentication.OAuth2AuthenticationProcessingFilter@334540a0, org.springframework.security.web.savedrequest.RequestCacheAwareFilter@4c2c44e8, org.springframework.security.web.servletapi.SecurityContextHolderAwareRequestFilter@7103745, org.springframework.security.web.session.SessionManagementFilter@6546371, org.springframework.security.web.access.ExceptionTranslationFilter@54567b05, org.springframework.security.web.access.intercept.FilterSecurityInterceptor@50778bde]
2019-12-04 04:24:54 INFO  o.s.s.web.DefaultSecurityFilterChain - Creating filter chain: any request, [org.springframework.security.web.context.request.async.WebAsyncManagerIntegrationFilter@d0b814d, org.springframework.security.web.context.SecurityContextPersistenceFilter@2353354a, org.springframework.security.web.header.HeaderWriterFilter@6c96403e, org.springframework.security.web.authentication.logout.LogoutFilter@6d421fe, org.springframework.security.web.savedrequest.RequestCacheAwareFilter@7c7ed72a, org.springframework.security.web.servletapi.SecurityContextHolderAwareRequestFilter@22b7ef2b, org.springframework.security.web.session.SessionManagementFilter@7babed9e, org.springframework.security.web.access.ExceptionTranslationFilter@68d6f48e, org.springframework.security.web.access.intercept.FilterSecurityInterceptor@c758a2d]
2019-12-04 04:24:54 INFO  o.s.s.c.ThreadPoolTaskExecutor - Initializing ExecutorService 'applicationTaskExecutor'
2019-12-04 04:24:54 WARN  o.s.b.a.o.j.JpaBaseConfiguration$JpaWebConfiguration$JpaWebMvcConfiguration - spring.jpa.open-in-view is enabled by default. Therefore, database queries may be performed during view rendering. Explicitly configure spring.jpa.open-in-view to disable this warning
2019-12-04 04:24:54 INFO  o.a.coyote.http11.Http11NioProtocol - Starting ProtocolHandler ["http-nio-9099"]
2019-12-04 04:24:54 INFO  o.a.tomcat.util.net.NioSelectorPool - Using a shared selector for servlet write/read
2019-12-04 04:24:54 INFO  o.s.b.w.e.tomcat.TomcatWebServer - Tomcat started on port(s): 9099 (http) with context path ''
2019-12-04 04:24:54 INFO  c.d.r.RoleBasedOauth2Application - Started RoleBasedOauth2Application in 3.45 seconds (JVM running for 4.056)
2019-12-04 04:25:12 INFO  c.d.r.RoleBasedOauth2Application - Starting RoleBasedOauth2Application on lab005 with PID 6440 (C:\Users\tsipl0con\git\Oauth2RoleBased\Oauth2RoleBased\target\classes started by tsipl0con in C:\Users\tsipl0con\git\Oauth2RoleBased\Oauth2RoleBased)
2019-12-04 04:25:12 INFO  c.d.r.RoleBasedOauth2Application - No active profile set, falling back to default profiles: default
2019-12-04 04:25:13 INFO  o.s.d.r.c.RepositoryConfigurationDelegate - Bootstrapping Spring Data repositories in DEFAULT mode.
2019-12-04 04:25:13 INFO  o.s.d.r.c.RepositoryConfigurationDelegate - Finished Spring Data repository scanning in 50ms. Found 2 repository interfaces.
2019-12-04 04:25:13 INFO  o.s.c.s.PostProcessorRegistrationDelegate$BeanPostProcessorChecker - Bean 'org.springframework.transaction.annotation.ProxyTransactionManagementConfiguration' of type [org.springframework.transaction.annotation.ProxyTransactionManagementConfiguration$$EnhancerBySpringCGLIB$$990b3eb7] is not eligible for getting processed by all BeanPostProcessors (for example: not eligible for auto-proxying)
2019-12-04 04:25:13 INFO  o.s.c.s.PostProcessorRegistrationDelegate$BeanPostProcessorChecker - Bean 'org.springframework.security.config.annotation.configuration.ObjectPostProcessorConfiguration' of type [org.springframework.security.config.annotation.configuration.ObjectPostProcessorConfiguration$$EnhancerBySpringCGLIB$$31b906f1] is not eligible for getting processed by all BeanPostProcessors (for example: not eligible for auto-proxying)
2019-12-04 04:25:13 INFO  o.s.c.s.PostProcessorRegistrationDelegate$BeanPostProcessorChecker - Bean 'objectPostProcessor' of type [org.springframework.security.config.annotation.configuration.AutowireBeanFactoryObjectPostProcessor] is not eligible for getting processed by all BeanPostProcessors (for example: not eligible for auto-proxying)
2019-12-04 04:25:13 INFO  o.s.c.s.PostProcessorRegistrationDelegate$BeanPostProcessorChecker - Bean 'org.springframework.security.access.expression.method.DefaultMethodSecurityExpressionHandler@9f6e406' of type [org.springframework.security.access.expression.method.DefaultMethodSecurityExpressionHandler] is not eligible for getting processed by all BeanPostProcessors (for example: not eligible for auto-proxying)
2019-12-04 04:25:13 INFO  o.s.c.s.PostProcessorRegistrationDelegate$BeanPostProcessorChecker - Bean 'org.springframework.security.config.annotation.method.configuration.GlobalMethodSecurityConfiguration' of type [org.springframework.security.config.annotation.method.configuration.GlobalMethodSecurityConfiguration$$EnhancerBySpringCGLIB$$568da9a3] is not eligible for getting processed by all BeanPostProcessors (for example: not eligible for auto-proxying)
2019-12-04 04:25:13 INFO  o.s.c.s.PostProcessorRegistrationDelegate$BeanPostProcessorChecker - Bean 'methodSecurityMetadataSource' of type [org.springframework.security.access.method.DelegatingMethodSecurityMetadataSource] is not eligible for getting processed by all BeanPostProcessors (for example: not eligible for auto-proxying)
2019-12-04 04:25:14 INFO  o.s.b.w.e.tomcat.TomcatWebServer - Tomcat initialized with port(s): 9099 (http)
2019-12-04 04:25:14 INFO  o.a.coyote.http11.Http11NioProtocol - Initializing ProtocolHandler ["http-nio-9099"]
2019-12-04 04:25:14 INFO  o.a.catalina.core.StandardService - Starting service [Tomcat]
2019-12-04 04:25:14 INFO  o.a.catalina.core.StandardEngine - Starting Servlet Engine: Apache Tomcat/9.0.13
2019-12-04 04:25:14 INFO  o.a.c.core.AprLifecycleListener - The APR based Apache Tomcat Native library which allows optimal performance in production environments was not found on the java.library.path: [C:\Program Files\Java\jre1.8.0_211\bin;C:\Windows\Sun\Java\bin;C:\Windows\system32;C:\Windows;C:/Program Files/Java/jre1.8.0_211/bin/server;C:/Program Files/Java/jre1.8.0_211/bin;C:/Program Files/Java/jre1.8.0_211/lib/amd64;C:\Program Files (x86)\Common Files\Oracle\Java\javapath;C:\Windows\system32;C:\Windows;C:\Windows\System32\Wbem;C:\Windows\System32\WindowsPowerShell\v1.0\;C:\Windows\System32\OpenSSH\;C:\Program Files\ONLYOFFICE\DesktopEditors\converter;C:\Users\tsipl0con\AppData\Local\Microsoft\WindowsApps;;C:\Users\tsipl0con\Downloads\spring-tool-suite-3.9.10.RELEASE-e4.13.0-win32-x86_64\sts-bundle\sts-3.9.10.RELEASE;;.]
2019-12-04 04:25:14 INFO  o.a.c.c.C.[Tomcat].[localhost].[/] - Initializing Spring embedded WebApplicationContext
2019-12-04 04:25:14 INFO  o.s.web.context.ContextLoader - Root WebApplicationContext: initialization completed in 1628 ms
2019-12-04 04:25:14 INFO  com.zaxxer.hikari.HikariDataSource - HikariPool-1 - Starting...
2019-12-04 04:25:14 INFO  com.zaxxer.hikari.HikariDataSource - HikariPool-1 - Start completed.
2019-12-04 04:25:14 INFO  o.h.jpa.internal.util.LogHelper - HHH000204: Processing PersistenceUnitInfo [
	name: default
	...]
2019-12-04 04:25:14 INFO  org.hibernate.Version - HHH000412: Hibernate Core {5.3.7.Final}
2019-12-04 04:25:14 INFO  org.hibernate.cfg.Environment - HHH000206: hibernate.properties not found
2019-12-04 04:25:14 INFO  o.h.annotations.common.Version - HCANN000001: Hibernate Commons Annotations {5.0.4.Final}
2019-12-04 04:25:15 INFO  org.hibernate.dialect.Dialect - HHH000400: Using dialect: org.hibernate.dialect.H2Dialect
2019-12-04 04:25:15 INFO  o.h.t.s.internal.SchemaCreatorImpl - HHH000476: Executing import script 'org.hibernate.tool.schema.internal.exec.ScriptSourceInputNonExistentImpl@35cec305'
2019-12-04 04:25:15 INFO  o.s.o.j.LocalContainerEntityManagerFactoryBean - Initialized JPA EntityManagerFactory for persistence unit 'default'
2019-12-04 04:25:15 WARN  o.s.s.o.p.t.s.JwtAccessTokenConverter - Unable to create an RSA verifier from verifierKey (ignoreable if using MAC)
2019-12-04 04:25:16 INFO  o.s.s.web.DefaultSecurityFilterChain - Creating filter chain: OrRequestMatcher [requestMatchers=[Ant [pattern='/users/user/login'], Ant [pattern='/oauth/token_key'], Ant [pattern='/oauth/check_token']]], [org.springframework.security.web.context.request.async.WebAsyncManagerIntegrationFilter@328e4ec2, org.springframework.security.web.context.SecurityContextPersistenceFilter@5e37fb82, org.springframework.security.web.header.HeaderWriterFilter@2fca3eb5, org.springframework.security.web.authentication.logout.LogoutFilter@31228d83, org.springframework.security.web.authentication.www.BasicAuthenticationFilter@20b829d5, org.springframework.security.web.savedrequest.RequestCacheAwareFilter@23f60b7d, org.springframework.security.web.servletapi.SecurityContextHolderAwareRequestFilter@6c5747db, org.springframework.security.web.authentication.AnonymousAuthenticationFilter@7757025d, org.springframework.security.web.session.SessionManagementFilter@426710f0, org.springframework.security.web.access.ExceptionTranslationFilter@1d283d1, org.springframework.security.web.access.intercept.FilterSecurityInterceptor@568f4faa]
2019-12-04 04:25:16 INFO  o.s.s.web.DefaultSecurityFilterChain - Creating filter chain: org.springframework.security.oauth2.config.annotation.web.configuration.ResourceServerConfiguration$NotOAuthRequestMatcher@1eab8437, [org.springframework.security.web.context.request.async.WebAsyncManagerIntegrationFilter@72eed547, org.springframework.security.web.context.SecurityContextPersistenceFilter@7103745, org.springframework.security.web.header.HeaderWriterFilter@2b458cd6, org.springframework.security.web.authentication.logout.LogoutFilter@bfb93cf, org.springframework.security.oauth2.provider.authentication.OAuth2AuthenticationProcessingFilter@b428830, org.springframework.security.web.savedrequest.RequestCacheAwareFilter@227a933d, org.springframework.security.web.servletapi.SecurityContextHolderAwareRequestFilter@25de8898, org.springframework.security.web.session.SessionManagementFilter@4c2c44e8, org.springframework.security.web.access.ExceptionTranslationFilter@6546371, org.springframework.security.web.access.intercept.FilterSecurityInterceptor@4af12a63]
2019-12-04 04:25:16 INFO  o.s.s.web.DefaultSecurityFilterChain - Creating filter chain: any request, [org.springframework.security.web.context.request.async.WebAsyncManagerIntegrationFilter@ba4f370, org.springframework.security.web.context.SecurityContextPersistenceFilter@22b7ef2b, org.springframework.security.web.header.HeaderWriterFilter@2353354a, org.springframework.security.web.authentication.logout.LogoutFilter@36dafa24, org.springframework.security.web.savedrequest.RequestCacheAwareFilter@6d421fe, org.springframework.security.web.servletapi.SecurityContextHolderAwareRequestFilter@3c17bd0b, org.springframework.security.web.session.SessionManagementFilter@7c7ed72a, org.springframework.security.web.access.ExceptionTranslationFilter@7babed9e, org.springframework.security.web.access.intercept.FilterSecurityInterceptor@6ce15112]
2019-12-04 04:25:16 INFO  o.s.s.c.ThreadPoolTaskExecutor - Initializing ExecutorService 'applicationTaskExecutor'
2019-12-04 04:25:16 WARN  o.s.b.a.o.j.JpaBaseConfiguration$JpaWebConfiguration$JpaWebMvcConfiguration - spring.jpa.open-in-view is enabled by default. Therefore, database queries may be performed during view rendering. Explicitly configure spring.jpa.open-in-view to disable this warning
2019-12-04 04:25:16 INFO  o.a.coyote.http11.Http11NioProtocol - Starting ProtocolHandler ["http-nio-9099"]
2019-12-04 04:25:16 INFO  o.a.tomcat.util.net.NioSelectorPool - Using a shared selector for servlet write/read
2019-12-04 04:25:16 ERROR o.apache.catalina.util.LifecycleBase - Failed to start component [Connector[HTTP/1.1-9099]]
org.apache.catalina.LifecycleException: Protocol handler start failed
	at org.apache.catalina.connector.Connector.startInternal(Connector.java:1001)
	at org.apache.catalina.util.LifecycleBase.start(LifecycleBase.java:183)
	at org.apache.catalina.core.StandardService.addConnector(StandardService.java:225)
	at org.springframework.boot.web.embedded.tomcat.TomcatWebServer.addPreviouslyRemovedConnectors(TomcatWebServer.java:259)
	at org.springframework.boot.web.embedded.tomcat.TomcatWebServer.start(TomcatWebServer.java:197)
	at org.springframework.boot.web.servlet.context.ServletWebServerApplicationContext.startWebServer(ServletWebServerApplicationContext.java:311)
	at org.springframework.boot.web.servlet.context.ServletWebServerApplicationContext.finishRefresh(ServletWebServerApplicationContext.java:164)
	at org.springframework.context.support.AbstractApplicationContext.refresh(AbstractApplicationContext.java:549)
	at org.springframework.boot.web.servlet.context.ServletWebServerApplicationContext.refresh(ServletWebServerApplicationContext.java:142)
	at org.springframework.boot.SpringApplication.refresh(SpringApplication.java:775)
	at org.springframework.boot.SpringApplication.refreshContext(SpringApplication.java:397)
	at org.springframework.boot.SpringApplication.run(SpringApplication.java:316)
	at org.springframework.boot.SpringApplication.run(SpringApplication.java:1260)
	at org.springframework.boot.SpringApplication.run(SpringApplication.java:1248)
	at com.devglan.rolebasedoauth2.RoleBasedOauth2Application.main(RoleBasedOauth2Application.java:12)
Caused by: java.net.BindException: Address already in use: bind
	at sun.nio.ch.Net.bind0(Native Method)
	at sun.nio.ch.Net.bind(Unknown Source)
	at sun.nio.ch.Net.bind(Unknown Source)
	at sun.nio.ch.ServerSocketChannelImpl.bind(Unknown Source)
	at sun.nio.ch.ServerSocketAdaptor.bind(Unknown Source)
	at org.apache.tomcat.util.net.NioEndpoint.initServerSocket(NioEndpoint.java:236)
	at org.apache.tomcat.util.net.NioEndpoint.bind(NioEndpoint.java:210)
	at org.apache.tomcat.util.net.AbstractEndpoint.bindWithCleanup(AbstractEndpoint.java:1067)
	at org.apache.tomcat.util.net.AbstractEndpoint.start(AbstractEndpoint.java:1149)
	at org.apache.coyote.AbstractProtocol.start(AbstractProtocol.java:561)
	at org.apache.catalina.connector.Connector.startInternal(Connector.java:998)
	... 14 common frames omitted
2019-12-04 04:25:16 INFO  o.a.coyote.http11.Http11NioProtocol - Pausing ProtocolHandler ["http-nio-9099"]
2019-12-04 04:25:16 INFO  o.a.catalina.core.StandardService - Stopping service [Tomcat]
2019-12-04 04:25:16 INFO  o.apache.catalina.util.LifecycleBase - The stop() method was called on component [StandardServer[-1]] after stop() had already been called. The second call will be ignored.
2019-12-04 04:25:16 INFO  o.a.coyote.http11.Http11NioProtocol - Stopping ProtocolHandler ["http-nio-9099"]
2019-12-04 04:25:16 INFO  o.a.coyote.http11.Http11NioProtocol - Destroying ProtocolHandler ["http-nio-9099"]
2019-12-04 04:25:16 INFO  o.s.b.a.l.ConditionEvaluationReportLoggingListener - 

Error starting ApplicationContext. To display the conditions report re-run your application with 'debug' enabled.
2019-12-04 04:25:16 ERROR o.s.b.d.LoggingFailureAnalysisReporter - 

***************************
APPLICATION FAILED TO START
***************************

Description:

The Tomcat connector configured to listen on port 9099 failed to start. The port may already be in use or the connector may be misconfigured.

Action:

Verify the connector's configuration, identify and stop any process that's listening on port 9099, or configure this application to listen on another port.

2019-12-04 04:25:16 INFO  o.s.s.c.ThreadPoolTaskExecutor - Shutting down ExecutorService 'applicationTaskExecutor'
2019-12-04 04:25:16 INFO  o.s.o.j.LocalContainerEntityManagerFactoryBean - Closing JPA EntityManagerFactory for persistence unit 'default'
2019-12-04 04:25:16 INFO  o.h.t.s.i.SchemaDropperImpl$DelayedDropActionImpl - HHH000477: Starting delayed evictData of schema as part of SessionFactory shut-down'
2019-12-04 04:25:16 INFO  com.zaxxer.hikari.HikariDataSource - HikariPool-1 - Shutdown initiated...
2019-12-04 04:25:16 INFO  com.zaxxer.hikari.HikariDataSource - HikariPool-1 - Shutdown completed.
2019-12-04 04:25:21 INFO  o.s.b.a.SpringApplicationAdminMXBeanRegistrar$SpringApplicationAdmin - Application shutdown requested.
2019-12-04 04:25:21 INFO  o.s.s.c.ThreadPoolTaskExecutor - Shutting down ExecutorService 'applicationTaskExecutor'
2019-12-04 04:25:21 INFO  o.s.o.j.LocalContainerEntityManagerFactoryBean - Closing JPA EntityManagerFactory for persistence unit 'default'
2019-12-04 04:25:21 INFO  o.h.t.s.i.SchemaDropperImpl$DelayedDropActionImpl - HHH000477: Starting delayed evictData of schema as part of SessionFactory shut-down'
2019-12-04 04:25:21 INFO  com.zaxxer.hikari.HikariDataSource - HikariPool-1 - Shutdown initiated...
2019-12-04 04:25:21 INFO  com.zaxxer.hikari.HikariDataSource - HikariPool-1 - Shutdown completed.
2019-12-04 04:25:24 INFO  c.d.r.RoleBasedOauth2Application - Starting RoleBasedOauth2Application on lab005 with PID 14292 (C:\Users\tsipl0con\git\Oauth2RoleBased\Oauth2RoleBased\target\classes started by tsipl0con in C:\Users\tsipl0con\git\Oauth2RoleBased\Oauth2RoleBased)
2019-12-04 04:25:24 INFO  c.d.r.RoleBasedOauth2Application - No active profile set, falling back to default profiles: default
2019-12-04 04:25:25 INFO  o.s.d.r.c.RepositoryConfigurationDelegate - Bootstrapping Spring Data repositories in DEFAULT mode.
2019-12-04 04:25:25 INFO  o.s.d.r.c.RepositoryConfigurationDelegate - Finished Spring Data repository scanning in 47ms. Found 2 repository interfaces.
2019-12-04 04:25:25 INFO  o.s.c.s.PostProcessorRegistrationDelegate$BeanPostProcessorChecker - Bean 'org.springframework.transaction.annotation.ProxyTransactionManagementConfiguration' of type [org.springframework.transaction.annotation.ProxyTransactionManagementConfiguration$$EnhancerBySpringCGLIB$$bc3dc584] is not eligible for getting processed by all BeanPostProcessors (for example: not eligible for auto-proxying)
2019-12-04 04:25:25 INFO  o.s.c.s.PostProcessorRegistrationDelegate$BeanPostProcessorChecker - Bean 'org.springframework.security.config.annotation.configuration.ObjectPostProcessorConfiguration' of type [org.springframework.security.config.annotation.configuration.ObjectPostProcessorConfiguration$$EnhancerBySpringCGLIB$$54eb8dbe] is not eligible for getting processed by all BeanPostProcessors (for example: not eligible for auto-proxying)
2019-12-04 04:25:25 INFO  o.s.c.s.PostProcessorRegistrationDelegate$BeanPostProcessorChecker - Bean 'objectPostProcessor' of type [org.springframework.security.config.annotation.configuration.AutowireBeanFactoryObjectPostProcessor] is not eligible for getting processed by all BeanPostProcessors (for example: not eligible for auto-proxying)
2019-12-04 04:25:25 INFO  o.s.c.s.PostProcessorRegistrationDelegate$BeanPostProcessorChecker - Bean 'org.springframework.security.access.expression.method.DefaultMethodSecurityExpressionHandler@73d69c0f' of type [org.springframework.security.access.expression.method.DefaultMethodSecurityExpressionHandler] is not eligible for getting processed by all BeanPostProcessors (for example: not eligible for auto-proxying)
2019-12-04 04:25:25 INFO  o.s.c.s.PostProcessorRegistrationDelegate$BeanPostProcessorChecker - Bean 'org.springframework.security.config.annotation.method.configuration.GlobalMethodSecurityConfiguration' of type [org.springframework.security.config.annotation.method.configuration.GlobalMethodSecurityConfiguration$$EnhancerBySpringCGLIB$$79c03070] is not eligible for getting processed by all BeanPostProcessors (for example: not eligible for auto-proxying)
2019-12-04 04:25:25 INFO  o.s.c.s.PostProcessorRegistrationDelegate$BeanPostProcessorChecker - Bean 'methodSecurityMetadataSource' of type [org.springframework.security.access.method.DelegatingMethodSecurityMetadataSource] is not eligible for getting processed by all BeanPostProcessors (for example: not eligible for auto-proxying)
2019-12-04 04:25:26 INFO  o.s.b.w.e.tomcat.TomcatWebServer - Tomcat initialized with port(s): 9099 (http)
2019-12-04 04:25:26 INFO  o.a.coyote.http11.Http11NioProtocol - Initializing ProtocolHandler ["http-nio-9099"]
2019-12-04 04:25:26 INFO  o.a.catalina.core.StandardService - Starting service [Tomcat]
2019-12-04 04:25:26 INFO  o.a.catalina.core.StandardEngine - Starting Servlet Engine: Apache Tomcat/9.0.13
2019-12-04 04:25:26 INFO  o.a.c.core.AprLifecycleListener - The APR based Apache Tomcat Native library which allows optimal performance in production environments was not found on the java.library.path: [C:\Program Files\Java\jre1.8.0_211\bin;C:\Windows\Sun\Java\bin;C:\Windows\system32;C:\Windows;C:/Program Files/Java/jre1.8.0_211/bin/server;C:/Program Files/Java/jre1.8.0_211/bin;C:/Program Files/Java/jre1.8.0_211/lib/amd64;C:\Program Files (x86)\Common Files\Oracle\Java\javapath;C:\Windows\system32;C:\Windows;C:\Windows\System32\Wbem;C:\Windows\System32\WindowsPowerShell\v1.0\;C:\Windows\System32\OpenSSH\;C:\Program Files\ONLYOFFICE\DesktopEditors\converter;C:\Users\tsipl0con\AppData\Local\Microsoft\WindowsApps;;C:\Users\tsipl0con\Downloads\spring-tool-suite-3.9.10.RELEASE-e4.13.0-win32-x86_64\sts-bundle\sts-3.9.10.RELEASE;;.]
2019-12-04 04:25:26 INFO  o.a.c.c.C.[Tomcat].[localhost].[/] - Initializing Spring embedded WebApplicationContext
2019-12-04 04:25:26 INFO  o.s.web.context.ContextLoader - Root WebApplicationContext: initialization completed in 1277 ms
2019-12-04 04:25:26 INFO  com.zaxxer.hikari.HikariDataSource - HikariPool-1 - Starting...
2019-12-04 04:25:26 INFO  com.zaxxer.hikari.HikariDataSource - HikariPool-1 - Start completed.
2019-12-04 04:25:26 INFO  o.h.jpa.internal.util.LogHelper - HHH000204: Processing PersistenceUnitInfo [
	name: default
	...]
2019-12-04 04:25:26 INFO  org.hibernate.Version - HHH000412: Hibernate Core {5.3.7.Final}
2019-12-04 04:25:26 INFO  org.hibernate.cfg.Environment - HHH000206: hibernate.properties not found
2019-12-04 04:25:26 INFO  o.h.annotations.common.Version - HCANN000001: Hibernate Commons Annotations {5.0.4.Final}
2019-12-04 04:25:26 INFO  org.hibernate.dialect.Dialect - HHH000400: Using dialect: org.hibernate.dialect.H2Dialect
2019-12-04 04:25:27 INFO  o.h.t.s.internal.SchemaCreatorImpl - HHH000476: Executing import script 'org.hibernate.tool.schema.internal.exec.ScriptSourceInputNonExistentImpl@54c60202'
2019-12-04 04:25:27 INFO  o.s.o.j.LocalContainerEntityManagerFactoryBean - Initialized JPA EntityManagerFactory for persistence unit 'default'
2019-12-04 04:25:27 WARN  o.s.s.o.p.t.s.JwtAccessTokenConverter - Unable to create an RSA verifier from verifierKey (ignoreable if using MAC)
2019-12-04 04:25:27 INFO  o.s.s.web.DefaultSecurityFilterChain - Creating filter chain: OrRequestMatcher [requestMatchers=[Ant [pattern='/users/user/login'], Ant [pattern='/oauth/token_key'], Ant [pattern='/oauth/check_token']]], [org.springframework.security.web.context.request.async.WebAsyncManagerIntegrationFilter@5d767218, org.springframework.security.web.context.SecurityContextPersistenceFilter@70f4f89e, org.springframework.security.web.header.HeaderWriterFilter@4d0e1a9a, org.springframework.security.web.authentication.logout.LogoutFilter@2120bed, org.springframework.security.web.authentication.www.BasicAuthenticationFilter@61ab6521, org.springframework.security.web.savedrequest.RequestCacheAwareFilter@74b1838, org.springframework.security.web.servletapi.SecurityContextHolderAwareRequestFilter@64c8fcfb, org.springframework.security.web.authentication.AnonymousAuthenticationFilter@510da778, org.springframework.security.web.session.SessionManagementFilter@2ba9f986, org.springframework.security.web.access.ExceptionTranslationFilter@b5c902, org.springframework.security.web.access.intercept.FilterSecurityInterceptor@100d0218]
2019-12-04 04:25:27 INFO  o.s.s.web.DefaultSecurityFilterChain - Creating filter chain: org.springframework.security.oauth2.config.annotation.web.configuration.ResourceServerConfiguration$NotOAuthRequestMatcher@6c96403e, [org.springframework.security.web.context.request.async.WebAsyncManagerIntegrationFilter@7babed9e, org.springframework.security.web.context.SecurityContextPersistenceFilter@7bc2ae16, org.springframework.security.web.header.HeaderWriterFilter@bfb93cf, org.springframework.security.web.authentication.logout.LogoutFilter@49e7e8f1, org.springframework.security.oauth2.provider.authentication.OAuth2AuthenticationProcessingFilter@3d8d970e, org.springframework.security.web.savedrequest.RequestCacheAwareFilter@2a0963be, org.springframework.security.web.servletapi.SecurityContextHolderAwareRequestFilter@7d3bf8db, org.springframework.security.web.session.SessionManagementFilter@dd737ea, org.springframework.security.web.access.ExceptionTranslationFilter@25de8898, org.springframework.security.web.access.intercept.FilterSecurityInterceptor@68d6f48e]
2019-12-04 04:25:27 INFO  o.s.s.web.DefaultSecurityFilterChain - Creating filter chain: any request, [org.springframework.security.web.context.request.async.WebAsyncManagerIntegrationFilter@1ac0cdb0, org.springframework.security.web.context.SecurityContextPersistenceFilter@c758a2d, org.springframework.security.web.header.HeaderWriterFilter@36dafa24, org.springframework.security.web.authentication.logout.LogoutFilter@ba4f370, org.springframework.security.web.savedrequest.RequestCacheAwareFilter@d0b814d, org.springframework.security.web.servletapi.SecurityContextHolderAwareRequestFilter@6ce15112, org.springframework.security.web.session.SessionManagementFilter@2b098563, org.springframework.security.web.access.ExceptionTranslationFilter@3c17bd0b, org.springframework.security.web.access.intercept.FilterSecurityInterceptor@30ec211a]
2019-12-04 04:25:28 INFO  o.s.s.c.ThreadPoolTaskExecutor - Initializing ExecutorService 'applicationTaskExecutor'
2019-12-04 04:25:28 WARN  o.s.b.a.o.j.JpaBaseConfiguration$JpaWebConfiguration$JpaWebMvcConfiguration - spring.jpa.open-in-view is enabled by default. Therefore, database queries may be performed during view rendering. Explicitly configure spring.jpa.open-in-view to disable this warning
2019-12-04 04:25:28 INFO  o.a.coyote.http11.Http11NioProtocol - Starting ProtocolHandler ["http-nio-9099"]
2019-12-04 04:25:28 INFO  o.a.tomcat.util.net.NioSelectorPool - Using a shared selector for servlet write/read
2019-12-04 04:25:28 INFO  o.s.b.w.e.tomcat.TomcatWebServer - Tomcat started on port(s): 9099 (http) with context path ''
2019-12-04 04:25:28 INFO  c.d.r.RoleBasedOauth2Application - Started RoleBasedOauth2Application in 3.623 seconds (JVM running for 4.318)
2019-12-04 04:31:10 INFO  o.a.c.c.C.[Tomcat].[localhost].[/] - Initializing Spring DispatcherServlet 'dispatcherServlet'
2019-12-04 04:31:10 INFO  o.s.web.servlet.DispatcherServlet - Initializing Servlet 'dispatcherServlet'
2019-12-04 04:31:10 INFO  o.s.web.servlet.DispatcherServlet - Completed initialization in 7 ms
2019-12-04 04:31:10 INFO  o.h.h.i.QueryTranslatorFactoryInitiator - HHH000397: Using ASTQueryTranslatorFactory
2019-12-04 04:31:11 INFO  o.s.s.o.p.endpoint.TokenEndpoint - Handling error: InvalidGrantException, Bad credentials
2019-12-04 04:32:36 INFO  o.s.b.a.SpringApplicationAdminMXBeanRegistrar$SpringApplicationAdmin - Application shutdown requested.
2019-12-04 04:32:36 INFO  o.s.s.c.ThreadPoolTaskExecutor - Shutting down ExecutorService 'applicationTaskExecutor'
2019-12-04 04:32:36 INFO  o.s.o.j.LocalContainerEntityManagerFactoryBean - Closing JPA EntityManagerFactory for persistence unit 'default'
2019-12-04 04:32:36 INFO  o.h.t.s.i.SchemaDropperImpl$DelayedDropActionImpl - HHH000477: Starting delayed evictData of schema as part of SessionFactory shut-down'
2019-12-04 04:32:36 INFO  com.zaxxer.hikari.HikariDataSource - HikariPool-1 - Shutdown initiated...
2019-12-04 04:32:36 INFO  com.zaxxer.hikari.HikariDataSource - HikariPool-1 - Shutdown completed.
2019-12-04 04:32:40 INFO  c.d.r.RoleBasedOauth2Application - Starting RoleBasedOauth2Application on lab005 with PID 15220 (C:\Users\tsipl0con\git\Oauth2RoleBased\Oauth2RoleBased\target\classes started by tsipl0con in C:\Users\tsipl0con\git\Oauth2RoleBased\Oauth2RoleBased)
2019-12-04 04:32:40 INFO  c.d.r.RoleBasedOauth2Application - No active profile set, falling back to default profiles: default
2019-12-04 04:32:40 INFO  o.s.d.r.c.RepositoryConfigurationDelegate - Bootstrapping Spring Data repositories in DEFAULT mode.
2019-12-04 04:32:40 INFO  o.s.d.r.c.RepositoryConfigurationDelegate - Finished Spring Data repository scanning in 48ms. Found 2 repository interfaces.
2019-12-04 04:32:41 INFO  o.s.c.s.PostProcessorRegistrationDelegate$BeanPostProcessorChecker - Bean 'org.springframework.transaction.annotation.ProxyTransactionManagementConfiguration' of type [org.springframework.transaction.annotation.ProxyTransactionManagementConfiguration$$EnhancerBySpringCGLIB$$8e4af3d1] is not eligible for getting processed by all BeanPostProcessors (for example: not eligible for auto-proxying)
2019-12-04 04:32:41 INFO  o.s.c.s.PostProcessorRegistrationDelegate$BeanPostProcessorChecker - Bean 'org.springframework.security.config.annotation.configuration.ObjectPostProcessorConfiguration' of type [org.springframework.security.config.annotation.configuration.ObjectPostProcessorConfiguration$$EnhancerBySpringCGLIB$$26f8bc0b] is not eligible for getting processed by all BeanPostProcessors (for example: not eligible for auto-proxying)
2019-12-04 04:32:41 INFO  o.s.c.s.PostProcessorRegistrationDelegate$BeanPostProcessorChecker - Bean 'objectPostProcessor' of type [org.springframework.security.config.annotation.configuration.AutowireBeanFactoryObjectPostProcessor] is not eligible for getting processed by all BeanPostProcessors (for example: not eligible for auto-proxying)
2019-12-04 04:32:41 INFO  o.s.c.s.PostProcessorRegistrationDelegate$BeanPostProcessorChecker - Bean 'org.springframework.security.access.expression.method.DefaultMethodSecurityExpressionHandler@5ec77191' of type [org.springframework.security.access.expression.method.DefaultMethodSecurityExpressionHandler] is not eligible for getting processed by all BeanPostProcessors (for example: not eligible for auto-proxying)
2019-12-04 04:32:41 INFO  o.s.c.s.PostProcessorRegistrationDelegate$BeanPostProcessorChecker - Bean 'org.springframework.security.config.annotation.method.configuration.GlobalMethodSecurityConfiguration' of type [org.springframework.security.config.annotation.method.configuration.GlobalMethodSecurityConfiguration$$EnhancerBySpringCGLIB$$4bcd5ebd] is not eligible for getting processed by all BeanPostProcessors (for example: not eligible for auto-proxying)
2019-12-04 04:32:41 INFO  o.s.c.s.PostProcessorRegistrationDelegate$BeanPostProcessorChecker - Bean 'methodSecurityMetadataSource' of type [org.springframework.security.access.method.DelegatingMethodSecurityMetadataSource] is not eligible for getting processed by all BeanPostProcessors (for example: not eligible for auto-proxying)
2019-12-04 04:32:41 INFO  o.s.b.w.e.tomcat.TomcatWebServer - Tomcat initialized with port(s): 9099 (http)
2019-12-04 04:32:41 INFO  o.a.coyote.http11.Http11NioProtocol - Initializing ProtocolHandler ["http-nio-9099"]
2019-12-04 04:32:41 INFO  o.a.catalina.core.StandardService - Starting service [Tomcat]
2019-12-04 04:32:41 INFO  o.a.catalina.core.StandardEngine - Starting Servlet Engine: Apache Tomcat/9.0.13
2019-12-04 04:32:41 INFO  o.a.c.core.AprLifecycleListener - The APR based Apache Tomcat Native library which allows optimal performance in production environments was not found on the java.library.path: [C:\Program Files\Java\jre1.8.0_211\bin;C:\Windows\Sun\Java\bin;C:\Windows\system32;C:\Windows;C:/Program Files/Java/jre1.8.0_211/bin/server;C:/Program Files/Java/jre1.8.0_211/bin;C:/Program Files/Java/jre1.8.0_211/lib/amd64;C:\Program Files (x86)\Common Files\Oracle\Java\javapath;C:\Windows\system32;C:\Windows;C:\Windows\System32\Wbem;C:\Windows\System32\WindowsPowerShell\v1.0\;C:\Windows\System32\OpenSSH\;C:\Program Files\ONLYOFFICE\DesktopEditors\converter;C:\Users\tsipl0con\AppData\Local\Microsoft\WindowsApps;;C:\Users\tsipl0con\Downloads\spring-tool-suite-3.9.10.RELEASE-e4.13.0-win32-x86_64\sts-bundle\sts-3.9.10.RELEASE;;.]
2019-12-04 04:32:41 INFO  o.a.c.c.C.[Tomcat].[localhost].[/] - Initializing Spring embedded WebApplicationContext
2019-12-04 04:32:41 INFO  o.s.web.context.ContextLoader - Root WebApplicationContext: initialization completed in 1223 ms
2019-12-04 04:32:41 INFO  com.zaxxer.hikari.HikariDataSource - HikariPool-1 - Starting...
2019-12-04 04:32:41 INFO  com.zaxxer.hikari.HikariDataSource - HikariPool-1 - Start completed.
2019-12-04 04:32:41 INFO  o.h.jpa.internal.util.LogHelper - HHH000204: Processing PersistenceUnitInfo [
	name: default
	...]
2019-12-04 04:32:41 INFO  org.hibernate.Version - HHH000412: Hibernate Core {5.3.7.Final}
2019-12-04 04:32:41 INFO  org.hibernate.cfg.Environment - HHH000206: hibernate.properties not found
2019-12-04 04:32:41 INFO  o.h.annotations.common.Version - HCANN000001: Hibernate Commons Annotations {5.0.4.Final}
2019-12-04 04:32:42 INFO  org.hibernate.dialect.Dialect - HHH000400: Using dialect: org.hibernate.dialect.H2Dialect
2019-12-04 04:32:42 INFO  o.h.t.s.internal.SchemaCreatorImpl - HHH000476: Executing import script 'org.hibernate.tool.schema.internal.exec.ScriptSourceInputNonExistentImpl@7ce29a2d'
2019-12-04 04:32:42 INFO  o.s.o.j.LocalContainerEntityManagerFactoryBean - Initialized JPA EntityManagerFactory for persistence unit 'default'
2019-12-04 04:32:42 WARN  o.s.s.o.p.t.s.JwtAccessTokenConverter - Unable to create an RSA verifier from verifierKey (ignoreable if using MAC)
2019-12-04 04:32:43 INFO  o.s.s.web.DefaultSecurityFilterChain - Creating filter chain: OrRequestMatcher [requestMatchers=[Ant [pattern='/users/user/login'], Ant [pattern='/oauth/token_key'], Ant [pattern='/oauth/check_token']]], [org.springframework.security.web.context.request.async.WebAsyncManagerIntegrationFilter@36dafa24, org.springframework.security.web.context.SecurityContextPersistenceFilter@54f2df29, org.springframework.security.web.header.HeaderWriterFilter@4052913c, org.springframework.security.web.authentication.logout.LogoutFilter@12fccff0, org.springframework.security.web.authentication.www.BasicAuthenticationFilter@7babed9e, org.springframework.security.web.savedrequest.RequestCacheAwareFilter@655203e3, org.springframework.security.web.servletapi.SecurityContextHolderAwareRequestFilter@100d0218, org.springframework.security.web.authentication.AnonymousAuthenticationFilter@2b098563, org.springframework.security.web.session.SessionManagementFilter@577bfadb, org.springframework.security.web.access.ExceptionTranslationFilter@25a290ee, org.springframework.security.web.access.intercept.FilterSecurityInterceptor@4af12a63]
2019-12-04 04:32:43 INFO  o.s.s.web.DefaultSecurityFilterChain - Creating filter chain: org.springframework.security.oauth2.config.annotation.web.configuration.ResourceServerConfiguration$NotOAuthRequestMatcher@bb6f3f7, [org.springframework.security.web.context.request.async.WebAsyncManagerIntegrationFilter@388f1258, org.springframework.security.web.context.SecurityContextPersistenceFilter@505d2bac, org.springframework.security.web.header.HeaderWriterFilter@6684f7f2, org.springframework.security.web.authentication.logout.LogoutFilter@4d4df0f4, org.springframework.security.oauth2.provider.authentication.OAuth2AuthenticationProcessingFilter@1187dc82, org.springframework.security.web.savedrequest.RequestCacheAwareFilter@4cecc15a, org.springframework.security.web.servletapi.SecurityContextHolderAwareRequestFilter@d969452, org.springframework.security.web.session.SessionManagementFilter@1682e6a, org.springframework.security.web.access.ExceptionTranslationFilter@1ac0cdb0, org.springframework.security.web.access.intercept.FilterSecurityInterceptor@3d0352]
2019-12-04 04:32:43 INFO  o.s.s.web.DefaultSecurityFilterChain - Creating filter chain: any request, [org.springframework.security.web.context.request.async.WebAsyncManagerIntegrationFilter@3b770d07, org.springframework.security.web.context.SecurityContextPersistenceFilter@4d25f816, org.springframework.security.web.header.HeaderWriterFilter@639cb788, org.springframework.security.web.authentication.logout.LogoutFilter@36b53f08, org.springframework.security.web.savedrequest.RequestCacheAwareFilter@6c6c2a73, org.springframework.security.web.servletapi.SecurityContextHolderAwareRequestFilter@6a4af081, org.springframework.security.web.session.SessionManagementFilter@2fee69a1, org.springframework.security.web.access.ExceptionTranslationFilter@38732372, org.springframework.security.web.access.intercept.FilterSecurityInterceptor@7b211077]
2019-12-04 04:32:43 INFO  o.s.s.c.ThreadPoolTaskExecutor - Initializing ExecutorService 'applicationTaskExecutor'
2019-12-04 04:32:43 WARN  o.s.b.a.o.j.JpaBaseConfiguration$JpaWebConfiguration$JpaWebMvcConfiguration - spring.jpa.open-in-view is enabled by default. Therefore, database queries may be performed during view rendering. Explicitly configure spring.jpa.open-in-view to disable this warning
2019-12-04 04:32:43 INFO  o.a.coyote.http11.Http11NioProtocol - Starting ProtocolHandler ["http-nio-9099"]
2019-12-04 04:32:43 INFO  o.a.tomcat.util.net.NioSelectorPool - Using a shared selector for servlet write/read
2019-12-04 04:32:43 INFO  o.s.b.w.e.tomcat.TomcatWebServer - Tomcat started on port(s): 9099 (http) with context path ''
2019-12-04 04:32:43 INFO  c.d.r.RoleBasedOauth2Application - Started RoleBasedOauth2Application in 3.324 seconds (JVM running for 3.862)
2019-12-04 04:33:02 INFO  o.a.c.c.C.[Tomcat].[localhost].[/] - Initializing Spring DispatcherServlet 'dispatcherServlet'
2019-12-04 04:33:02 INFO  o.s.web.servlet.DispatcherServlet - Initializing Servlet 'dispatcherServlet'
2019-12-04 04:33:02 INFO  o.s.web.servlet.DispatcherServlet - Completed initialization in 8 ms
2019-12-04 04:33:03 INFO  o.h.h.i.QueryTranslatorFactoryInitiator - HHH000397: Using ASTQueryTranslatorFactory
2019-12-04 04:33:03 INFO  o.s.s.o.p.endpoint.TokenEndpoint - Handling error: InvalidGrantException, Bad credentials
2019-12-04 04:42:44 INFO  o.s.b.a.SpringApplicationAdminMXBeanRegistrar$SpringApplicationAdmin - Application shutdown requested.
2019-12-04 04:42:44 INFO  o.s.s.c.ThreadPoolTaskExecutor - Shutting down ExecutorService 'applicationTaskExecutor'
2019-12-04 04:42:44 INFO  o.s.o.j.LocalContainerEntityManagerFactoryBean - Closing JPA EntityManagerFactory for persistence unit 'default'
2019-12-04 04:42:44 INFO  o.h.t.s.i.SchemaDropperImpl$DelayedDropActionImpl - HHH000477: Starting delayed evictData of schema as part of SessionFactory shut-down'
2019-12-04 04:42:44 INFO  com.zaxxer.hikari.HikariDataSource - HikariPool-1 - Shutdown initiated...
2019-12-04 04:42:44 INFO  com.zaxxer.hikari.HikariDataSource - HikariPool-1 - Shutdown completed.
2019-12-04 04:42:48 INFO  c.d.r.RoleBasedOauth2Application - Starting RoleBasedOauth2Application on lab005 with PID 8908 (C:\Users\tsipl0con\git\Oauth2RoleBased\Oauth2RoleBased\target\classes started by tsipl0con in C:\Users\tsipl0con\git\Oauth2RoleBased\Oauth2RoleBased)
2019-12-04 04:42:48 INFO  c.d.r.RoleBasedOauth2Application - No active profile set, falling back to default profiles: default
2019-12-04 04:42:49 INFO  o.s.d.r.c.RepositoryConfigurationDelegate - Bootstrapping Spring Data repositories in DEFAULT mode.
2019-12-04 04:42:49 INFO  o.s.d.r.c.RepositoryConfigurationDelegate - Finished Spring Data repository scanning in 45ms. Found 2 repository interfaces.
2019-12-04 04:42:49 INFO  o.s.c.s.PostProcessorRegistrationDelegate$BeanPostProcessorChecker - Bean 'org.springframework.transaction.annotation.ProxyTransactionManagementConfiguration' of type [org.springframework.transaction.annotation.ProxyTransactionManagementConfiguration$$EnhancerBySpringCGLIB$$7e6d554f] is not eligible for getting processed by all BeanPostProcessors (for example: not eligible for auto-proxying)
2019-12-04 04:42:49 INFO  o.s.c.s.PostProcessorRegistrationDelegate$BeanPostProcessorChecker - Bean 'org.springframework.security.config.annotation.configuration.ObjectPostProcessorConfiguration' of type [org.springframework.security.config.annotation.configuration.ObjectPostProcessorConfiguration$$EnhancerBySpringCGLIB$$171b1d89] is not eligible for getting processed by all BeanPostProcessors (for example: not eligible for auto-proxying)
2019-12-04 04:42:49 INFO  o.s.c.s.PostProcessorRegistrationDelegate$BeanPostProcessorChecker - Bean 'objectPostProcessor' of type [org.springframework.security.config.annotation.configuration.AutowireBeanFactoryObjectPostProcessor] is not eligible for getting processed by all BeanPostProcessors (for example: not eligible for auto-proxying)
2019-12-04 04:42:49 INFO  o.s.c.s.PostProcessorRegistrationDelegate$BeanPostProcessorChecker - Bean 'org.springframework.security.access.expression.method.DefaultMethodSecurityExpressionHandler@398474a2' of type [org.springframework.security.access.expression.method.DefaultMethodSecurityExpressionHandler] is not eligible for getting processed by all BeanPostProcessors (for example: not eligible for auto-proxying)
2019-12-04 04:42:49 INFO  o.s.c.s.PostProcessorRegistrationDelegate$BeanPostProcessorChecker - Bean 'org.springframework.security.config.annotation.method.configuration.GlobalMethodSecurityConfiguration' of type [org.springframework.security.config.annotation.method.configuration.GlobalMethodSecurityConfiguration$$EnhancerBySpringCGLIB$$3befc03b] is not eligible for getting processed by all BeanPostProcessors (for example: not eligible for auto-proxying)
2019-12-04 04:42:49 INFO  o.s.c.s.PostProcessorRegistrationDelegate$BeanPostProcessorChecker - Bean 'methodSecurityMetadataSource' of type [org.springframework.security.access.method.DelegatingMethodSecurityMetadataSource] is not eligible for getting processed by all BeanPostProcessors (for example: not eligible for auto-proxying)
2019-12-04 04:42:49 INFO  o.s.b.w.e.tomcat.TomcatWebServer - Tomcat initialized with port(s): 9099 (http)
2019-12-04 04:42:49 INFO  o.a.coyote.http11.Http11NioProtocol - Initializing ProtocolHandler ["http-nio-9099"]
2019-12-04 04:42:50 INFO  o.a.catalina.core.StandardService - Starting service [Tomcat]
2019-12-04 04:42:50 INFO  o.a.catalina.core.StandardEngine - Starting Servlet Engine: Apache Tomcat/9.0.13
2019-12-04 04:42:50 INFO  o.a.c.core.AprLifecycleListener - The APR based Apache Tomcat Native library which allows optimal performance in production environments was not found on the java.library.path: [C:\Program Files\Java\jre1.8.0_211\bin;C:\Windows\Sun\Java\bin;C:\Windows\system32;C:\Windows;C:/Program Files/Java/jre1.8.0_211/bin/server;C:/Program Files/Java/jre1.8.0_211/bin;C:/Program Files/Java/jre1.8.0_211/lib/amd64;C:\Program Files (x86)\Common Files\Oracle\Java\javapath;C:\Windows\system32;C:\Windows;C:\Windows\System32\Wbem;C:\Windows\System32\WindowsPowerShell\v1.0\;C:\Windows\System32\OpenSSH\;C:\Program Files\ONLYOFFICE\DesktopEditors\converter;C:\Users\tsipl0con\AppData\Local\Microsoft\WindowsApps;;C:\Users\tsipl0con\Downloads\spring-tool-suite-3.9.10.RELEASE-e4.13.0-win32-x86_64\sts-bundle\sts-3.9.10.RELEASE;;.]
2019-12-04 04:42:50 INFO  o.a.c.c.C.[Tomcat].[localhost].[/] - Initializing Spring embedded WebApplicationContext
2019-12-04 04:42:50 INFO  o.s.web.context.ContextLoader - Root WebApplicationContext: initialization completed in 1137 ms
2019-12-04 04:42:50 INFO  com.zaxxer.hikari.HikariDataSource - HikariPool-1 - Starting...
2019-12-04 04:42:50 INFO  com.zaxxer.hikari.HikariDataSource - HikariPool-1 - Start completed.
2019-12-04 04:42:50 INFO  o.h.jpa.internal.util.LogHelper - HHH000204: Processing PersistenceUnitInfo [
	name: default
	...]
2019-12-04 04:42:50 INFO  org.hibernate.Version - HHH000412: Hibernate Core {5.3.7.Final}
2019-12-04 04:42:50 INFO  org.hibernate.cfg.Environment - HHH000206: hibernate.properties not found
2019-12-04 04:42:50 INFO  o.h.annotations.common.Version - HCANN000001: Hibernate Commons Annotations {5.0.4.Final}
2019-12-04 04:42:50 INFO  org.hibernate.dialect.Dialect - HHH000400: Using dialect: org.hibernate.dialect.H2Dialect
2019-12-04 04:42:51 INFO  o.h.t.s.internal.SchemaCreatorImpl - HHH000476: Executing import script 'org.hibernate.tool.schema.internal.exec.ScriptSourceInputNonExistentImpl@42c0a16e'
2019-12-04 04:42:51 INFO  o.s.o.j.LocalContainerEntityManagerFactoryBean - Initialized JPA EntityManagerFactory for persistence unit 'default'
2019-12-04 04:42:51 WARN  o.s.s.o.p.t.s.JwtAccessTokenConverter - Unable to create an RSA verifier from verifierKey (ignoreable if using MAC)
2019-12-04 04:42:51 INFO  o.s.s.web.DefaultSecurityFilterChain - Creating filter chain: OrRequestMatcher [requestMatchers=[Ant [pattern='/users/user/login'], Ant [pattern='/oauth/token_key'], Ant [pattern='/oauth/check_token']]], [org.springframework.security.web.context.request.async.WebAsyncManagerIntegrationFilter@2e3252, org.springframework.security.web.context.SecurityContextPersistenceFilter@7fd751de, org.springframework.security.web.header.HeaderWriterFilter@171aa66, org.springframework.security.web.authentication.logout.LogoutFilter@1bfa5a13, org.springframework.security.web.authentication.www.BasicAuthenticationFilter@3cd46491, org.springframework.security.web.savedrequest.RequestCacheAwareFilter@1124910c, org.springframework.security.web.servletapi.SecurityContextHolderAwareRequestFilter@4ced17f3, org.springframework.security.web.authentication.AnonymousAuthenticationFilter@77cddc0c, org.springframework.security.web.session.SessionManagementFilter@2c16677c, org.springframework.security.web.access.ExceptionTranslationFilter@5a899811, org.springframework.security.web.access.intercept.FilterSecurityInterceptor@62faf77]
2019-12-04 04:42:51 INFO  o.s.s.web.DefaultSecurityFilterChain - Creating filter chain: org.springframework.security.oauth2.config.annotation.web.configuration.ResourceServerConfiguration$NotOAuthRequestMatcher@350bbd5d, [org.springframework.security.web.context.request.async.WebAsyncManagerIntegrationFilter@3c3e363, org.springframework.security.web.context.SecurityContextPersistenceFilter@3611153f, org.springframework.security.web.header.HeaderWriterFilter@44b9c7c4, org.springframework.security.web.authentication.logout.LogoutFilter@74a85515, org.springframework.security.oauth2.provider.authentication.OAuth2AuthenticationProcessingFilter@5beb6be2, org.springframework.security.web.savedrequest.RequestCacheAwareFilter@5835e24a, org.springframework.security.web.servletapi.SecurityContextHolderAwareRequestFilter@5238896f, org.springframework.security.web.session.SessionManagementFilter@674184d, org.springframework.security.web.access.ExceptionTranslationFilter@5896cb9c, org.springframework.security.web.access.intercept.FilterSecurityInterceptor@333d44f6]
2019-12-04 04:42:51 INFO  o.s.s.web.DefaultSecurityFilterChain - Creating filter chain: any request, [org.springframework.security.web.context.request.async.WebAsyncManagerIntegrationFilter@43c0c13a, org.springframework.security.web.context.SecurityContextPersistenceFilter@406ad6d5, org.springframework.security.web.header.HeaderWriterFilter@7d28cdcd, org.springframework.security.web.authentication.logout.LogoutFilter@42cc5460, org.springframework.security.web.savedrequest.RequestCacheAwareFilter@2a7bc16b, org.springframework.security.web.servletapi.SecurityContextHolderAwareRequestFilter@1186374c, org.springframework.security.web.session.SessionManagementFilter@255ed8e4, org.springframework.security.web.access.ExceptionTranslationFilter@1d4cc7, org.springframework.security.web.access.intercept.FilterSecurityInterceptor@205159dc]
2019-12-04 04:42:51 INFO  o.s.s.c.ThreadPoolTaskExecutor - Initializing ExecutorService 'applicationTaskExecutor'
2019-12-04 04:42:51 WARN  o.s.b.a.o.j.JpaBaseConfiguration$JpaWebConfiguration$JpaWebMvcConfiguration - spring.jpa.open-in-view is enabled by default. Therefore, database queries may be performed during view rendering. Explicitly configure spring.jpa.open-in-view to disable this warning
2019-12-04 04:42:51 INFO  o.a.coyote.http11.Http11NioProtocol - Starting ProtocolHandler ["http-nio-9099"]
2019-12-04 04:42:51 INFO  o.a.tomcat.util.net.NioSelectorPool - Using a shared selector for servlet write/read
2019-12-04 04:42:51 INFO  o.s.b.w.e.tomcat.TomcatWebServer - Tomcat started on port(s): 9099 (http) with context path ''
2019-12-04 04:42:52 INFO  c.d.r.RoleBasedOauth2Application - Started RoleBasedOauth2Application in 3.496 seconds (JVM running for 4.065)
2019-12-04 04:43:36 INFO  o.a.c.c.C.[Tomcat].[localhost].[/] - Initializing Spring DispatcherServlet 'dispatcherServlet'
2019-12-04 04:43:36 INFO  o.s.web.servlet.DispatcherServlet - Initializing Servlet 'dispatcherServlet'
2019-12-04 04:43:36 INFO  o.s.web.servlet.DispatcherServlet - Completed initialization in 5 ms
2019-12-04 04:43:37 INFO  o.h.h.i.QueryTranslatorFactoryInitiator - HHH000397: Using ASTQueryTranslatorFactory
2019-12-04 05:32:21 INFO  o.s.b.a.SpringApplicationAdminMXBeanRegistrar$SpringApplicationAdmin - Application shutdown requested.
2019-12-04 05:32:21 INFO  o.s.s.c.ThreadPoolTaskExecutor - Shutting down ExecutorService 'applicationTaskExecutor'
2019-12-04 05:32:21 INFO  o.s.o.j.LocalContainerEntityManagerFactoryBean - Closing JPA EntityManagerFactory for persistence unit 'default'
2019-12-04 05:32:21 INFO  o.h.t.s.i.SchemaDropperImpl$DelayedDropActionImpl - HHH000477: Starting delayed evictData of schema as part of SessionFactory shut-down'
2019-12-04 05:32:21 INFO  com.zaxxer.hikari.HikariDataSource - HikariPool-1 - Shutdown initiated...
2019-12-04 05:32:21 INFO  com.zaxxer.hikari.HikariDataSource - HikariPool-1 - Shutdown completed.
2019-12-04 05:32:25 INFO  c.d.r.RoleBasedOauth2Application - Starting RoleBasedOauth2Application on lab005 with PID 11936 (C:\Users\tsipl0con\git\Oauth2RoleBased\Oauth2RoleBased\target\classes started by tsipl0con in C:\Users\tsipl0con\git\Oauth2RoleBased\Oauth2RoleBased)
2019-12-04 05:32:25 INFO  c.d.r.RoleBasedOauth2Application - No active profile set, falling back to default profiles: default
2019-12-04 05:32:25 INFO  o.s.d.r.c.RepositoryConfigurationDelegate - Bootstrapping Spring Data repositories in DEFAULT mode.
2019-12-04 05:32:25 INFO  o.s.d.r.c.RepositoryConfigurationDelegate - Finished Spring Data repository scanning in 47ms. Found 2 repository interfaces.
2019-12-04 05:32:26 INFO  o.s.c.s.PostProcessorRegistrationDelegate$BeanPostProcessorChecker - Bean 'org.springframework.transaction.annotation.ProxyTransactionManagementConfiguration' of type [org.springframework.transaction.annotation.ProxyTransactionManagementConfiguration$$EnhancerBySpringCGLIB$$8c392ce5] is not eligible for getting processed by all BeanPostProcessors (for example: not eligible for auto-proxying)
2019-12-04 05:32:26 INFO  o.s.c.s.PostProcessorRegistrationDelegate$BeanPostProcessorChecker - Bean 'org.springframework.security.config.annotation.configuration.ObjectPostProcessorConfiguration' of type [org.springframework.security.config.annotation.configuration.ObjectPostProcessorConfiguration$$EnhancerBySpringCGLIB$$24e6f51f] is not eligible for getting processed by all BeanPostProcessors (for example: not eligible for auto-proxying)
2019-12-04 05:32:26 INFO  o.s.c.s.PostProcessorRegistrationDelegate$BeanPostProcessorChecker - Bean 'objectPostProcessor' of type [org.springframework.security.config.annotation.configuration.AutowireBeanFactoryObjectPostProcessor] is not eligible for getting processed by all BeanPostProcessors (for example: not eligible for auto-proxying)
2019-12-04 05:32:26 INFO  o.s.c.s.PostProcessorRegistrationDelegate$BeanPostProcessorChecker - Bean 'org.springframework.security.access.expression.method.DefaultMethodSecurityExpressionHandler@52b6319f' of type [org.springframework.security.access.expression.method.DefaultMethodSecurityExpressionHandler] is not eligible for getting processed by all BeanPostProcessors (for example: not eligible for auto-proxying)
2019-12-04 05:32:26 INFO  o.s.c.s.PostProcessorRegistrationDelegate$BeanPostProcessorChecker - Bean 'org.springframework.security.config.annotation.method.configuration.GlobalMethodSecurityConfiguration' of type [org.springframework.security.config.annotation.method.configuration.GlobalMethodSecurityConfiguration$$EnhancerBySpringCGLIB$$49bb97d1] is not eligible for getting processed by all BeanPostProcessors (for example: not eligible for auto-proxying)
2019-12-04 05:32:26 INFO  o.s.c.s.PostProcessorRegistrationDelegate$BeanPostProcessorChecker - Bean 'methodSecurityMetadataSource' of type [org.springframework.security.access.method.DelegatingMethodSecurityMetadataSource] is not eligible for getting processed by all BeanPostProcessors (for example: not eligible for auto-proxying)
2019-12-04 05:32:26 INFO  o.s.b.w.e.tomcat.TomcatWebServer - Tomcat initialized with port(s): 9099 (http)
2019-12-04 05:32:26 INFO  o.a.coyote.http11.Http11NioProtocol - Initializing ProtocolHandler ["http-nio-9099"]
2019-12-04 05:32:26 INFO  o.a.catalina.core.StandardService - Starting service [Tomcat]
2019-12-04 05:32:26 INFO  o.a.catalina.core.StandardEngine - Starting Servlet Engine: Apache Tomcat/9.0.13
2019-12-04 05:32:26 INFO  o.a.c.core.AprLifecycleListener - The APR based Apache Tomcat Native library which allows optimal performance in production environments was not found on the java.library.path: [C:\Program Files\Java\jre1.8.0_211\bin;C:\Windows\Sun\Java\bin;C:\Windows\system32;C:\Windows;C:/Program Files/Java/jre1.8.0_211/bin/server;C:/Program Files/Java/jre1.8.0_211/bin;C:/Program Files/Java/jre1.8.0_211/lib/amd64;C:\Program Files (x86)\Common Files\Oracle\Java\javapath;C:\Windows\system32;C:\Windows;C:\Windows\System32\Wbem;C:\Windows\System32\WindowsPowerShell\v1.0\;C:\Windows\System32\OpenSSH\;C:\Program Files\ONLYOFFICE\DesktopEditors\converter;C:\Users\tsipl0con\AppData\Local\Microsoft\WindowsApps;;C:\Users\tsipl0con\Downloads\spring-tool-suite-3.9.10.RELEASE-e4.13.0-win32-x86_64\sts-bundle\sts-3.9.10.RELEASE;;.]
2019-12-04 05:32:26 INFO  o.a.c.c.C.[Tomcat].[localhost].[/] - Initializing Spring embedded WebApplicationContext
2019-12-04 05:32:26 INFO  o.s.web.context.ContextLoader - Root WebApplicationContext: initialization completed in 1176 ms
2019-12-04 05:32:26 INFO  com.zaxxer.hikari.HikariDataSource - HikariPool-1 - Starting...
2019-12-04 05:32:26 INFO  com.zaxxer.hikari.HikariDataSource - HikariPool-1 - Start completed.
2019-12-04 05:32:26 INFO  o.h.jpa.internal.util.LogHelper - HHH000204: Processing PersistenceUnitInfo [
	name: default
	...]
2019-12-04 05:32:26 INFO  org.hibernate.Version - HHH000412: Hibernate Core {5.3.7.Final}
2019-12-04 05:32:26 INFO  org.hibernate.cfg.Environment - HHH000206: hibernate.properties not found
2019-12-04 05:32:26 INFO  o.h.annotations.common.Version - HCANN000001: Hibernate Commons Annotations {5.0.4.Final}
2019-12-04 05:32:27 INFO  org.hibernate.dialect.Dialect - HHH000400: Using dialect: org.hibernate.dialect.H2Dialect
2019-12-04 05:32:27 INFO  o.h.t.s.internal.SchemaCreatorImpl - HHH000476: Executing import script 'org.hibernate.tool.schema.internal.exec.ScriptSourceInputNonExistentImpl@285a4fe3'
2019-12-04 05:32:27 INFO  o.s.o.j.LocalContainerEntityManagerFactoryBean - Initialized JPA EntityManagerFactory for persistence unit 'default'
2019-12-04 05:32:27 WARN  o.s.s.o.p.t.s.JwtAccessTokenConverter - Unable to create an RSA verifier from verifierKey (ignoreable if using MAC)
2019-12-04 05:32:28 INFO  o.s.s.web.DefaultSecurityFilterChain - Creating filter chain: OrRequestMatcher [requestMatchers=[Ant [pattern='/users/user/login'], Ant [pattern='/oauth/token_key'], Ant [pattern='/oauth/check_token']]], [org.springframework.security.web.context.request.async.WebAsyncManagerIntegrationFilter@4def42c3, org.springframework.security.web.context.SecurityContextPersistenceFilter@58b97c15, org.springframework.security.web.header.HeaderWriterFilter@6cd45b6c, org.springframework.security.web.authentication.logout.LogoutFilter@5238896f, org.springframework.security.web.authentication.www.BasicAuthenticationFilter@43c0c13a, org.springframework.security.web.savedrequest.RequestCacheAwareFilter@3cd46491, org.springframework.security.web.servletapi.SecurityContextHolderAwareRequestFilter@774f2992, org.springframework.security.web.authentication.AnonymousAuthenticationFilter@72110818, org.springframework.security.web.session.SessionManagementFilter@754de353, org.springframework.security.web.access.ExceptionTranslationFilter@259195fe, org.springframework.security.web.access.intercept.FilterSecurityInterceptor@2a7bc16b]
2019-12-04 05:32:28 INFO  o.s.s.web.DefaultSecurityFilterChain - Creating filter chain: org.springframework.security.oauth2.config.annotation.web.configuration.ResourceServerConfiguration$NotOAuthRequestMatcher@2b395581, [org.springframework.security.web.context.request.async.WebAsyncManagerIntegrationFilter@726a8729, org.springframework.security.web.context.SecurityContextPersistenceFilter@32b46831, org.springframework.security.web.header.HeaderWriterFilter@2e29f28e, org.springframework.security.web.authentication.logout.LogoutFilter@192b472d, org.springframework.security.oauth2.provider.authentication.OAuth2AuthenticationProcessingFilter@374b6e33, org.springframework.security.web.savedrequest.RequestCacheAwareFilter@5353dd09, org.springframework.security.web.servletapi.SecurityContextHolderAwareRequestFilter@320ff86f, org.springframework.security.web.session.SessionManagementFilter@7bfa1eb5, org.springframework.security.web.access.ExceptionTranslationFilter@22686ddb, org.springframework.security.web.access.intercept.FilterSecurityInterceptor@5817f1ca]
2019-12-04 05:32:28 INFO  o.s.s.web.DefaultSecurityFilterChain - Creating filter chain: any request, [org.springframework.security.web.context.request.async.WebAsyncManagerIntegrationFilter@18dd7767, org.springframework.security.web.context.SecurityContextPersistenceFilter@266da047, org.springframework.security.web.header.HeaderWriterFilter@2c6927f0, org.springframework.security.web.authentication.logout.LogoutFilter@45e11627, org.springframework.security.web.savedrequest.RequestCacheAwareFilter@68b7bdcb, org.springframework.security.web.servletapi.SecurityContextHolderAwareRequestFilter@d84418a, org.springframework.security.web.session.SessionManagementFilter@5ef2cbe6, org.springframework.security.web.access.ExceptionTranslationFilter@19faedcc, org.springframework.security.web.access.intercept.FilterSecurityInterceptor@3973b6d4]
2019-12-04 05:32:28 INFO  o.s.s.c.ThreadPoolTaskExecutor - Initializing ExecutorService 'applicationTaskExecutor'
2019-12-04 05:32:28 WARN  o.s.b.a.o.j.JpaBaseConfiguration$JpaWebConfiguration$JpaWebMvcConfiguration - spring.jpa.open-in-view is enabled by default. Therefore, database queries may be performed during view rendering. Explicitly configure spring.jpa.open-in-view to disable this warning
2019-12-04 05:32:28 INFO  o.a.coyote.http11.Http11NioProtocol - Starting ProtocolHandler ["http-nio-9099"]
2019-12-04 05:32:28 INFO  o.a.tomcat.util.net.NioSelectorPool - Using a shared selector for servlet write/read
2019-12-04 05:32:28 INFO  o.s.b.w.e.tomcat.TomcatWebServer - Tomcat started on port(s): 9099 (http) with context path ''
2019-12-04 05:32:28 INFO  c.d.r.RoleBasedOauth2Application - Started RoleBasedOauth2Application in 3.502 seconds (JVM running for 4.122)
2019-12-04 05:35:09 INFO  o.a.c.c.C.[Tomcat].[localhost].[/] - Initializing Spring DispatcherServlet 'dispatcherServlet'
2019-12-04 05:35:09 INFO  o.s.web.servlet.DispatcherServlet - Initializing Servlet 'dispatcherServlet'
2019-12-04 05:35:09 INFO  o.s.web.servlet.DispatcherServlet - Completed initialization in 7 ms
2019-12-04 05:35:10 INFO  o.h.h.i.QueryTranslatorFactoryInitiator - HHH000397: Using ASTQueryTranslatorFactory
2019-12-04 06:13:12 ERROR o.a.c.c.C.[.[.[.[dispatcherServlet] - Servlet.service() for servlet [dispatcherServlet] in context with path [] threw exception [Request processing failed; nested exception is java.util.NoSuchElementException: No value present] with root cause
java.util.NoSuchElementException: No value present
	at java.util.Optional.get(Unknown Source)
	at com.devglan.rolebasedoauth2.service.impl.UserServiceImpl.findOne(UserServiceImpl.java:67)
	at com.devglan.rolebasedoauth2.service.impl.UserServiceImpl$$FastClassBySpringCGLIB$$14c4413f.invoke(<generated>)
	at org.springframework.cglib.proxy.MethodProxy.invoke(MethodProxy.java:218)
	at org.springframework.aop.framework.CglibAopProxy$CglibMethodInvocation.invokeJoinpoint(CglibAopProxy.java:749)
	at org.springframework.aop.framework.ReflectiveMethodInvocation.proceed(ReflectiveMethodInvocation.java:163)
	at org.springframework.transaction.interceptor.TransactionAspectSupport.invokeWithinTransaction(TransactionAspectSupport.java:294)
	at org.springframework.transaction.interceptor.TransactionInterceptor.invoke(TransactionInterceptor.java:98)
	at org.springframework.aop.framework.ReflectiveMethodInvocation.proceed(ReflectiveMethodInvocation.java:186)
	at org.springframework.aop.framework.CglibAopProxy$DynamicAdvisedInterceptor.intercept(CglibAopProxy.java:688)
	at com.devglan.rolebasedoauth2.service.impl.UserServiceImpl$$EnhancerBySpringCGLIB$$99742b9a.findOne(<generated>)
	at com.devglan.rolebasedoauth2.controller.UserController.getUser(UserController.java:70)
	at com.devglan.rolebasedoauth2.controller.UserController$$FastClassBySpringCGLIB$$767810cf.invoke(<generated>)
	at org.springframework.cglib.proxy.MethodProxy.invoke(MethodProxy.java:218)
	at org.springframework.aop.framework.CglibAopProxy$CglibMethodInvocation.invokeJoinpoint(CglibAopProxy.java:749)
	at org.springframework.aop.framework.ReflectiveMethodInvocation.proceed(ReflectiveMethodInvocation.java:163)
	at org.springframework.security.access.intercept.aopalliance.MethodSecurityInterceptor.invoke(MethodSecurityInterceptor.java:69)
	at org.springframework.aop.framework.ReflectiveMethodInvocation.proceed(ReflectiveMethodInvocation.java:186)
	at org.springframework.aop.framework.CglibAopProxy$DynamicAdvisedInterceptor.intercept(CglibAopProxy.java:688)
	at com.devglan.rolebasedoauth2.controller.UserController$$EnhancerBySpringCGLIB$$19948fdf.getUser(<generated>)
	at sun.reflect.NativeMethodAccessorImpl.invoke0(Native Method)
	at sun.reflect.NativeMethodAccessorImpl.invoke(Unknown Source)
	at sun.reflect.DelegatingMethodAccessorImpl.invoke(Unknown Source)
	at java.lang.reflect.Method.invoke(Unknown Source)
	at org.springframework.web.method.support.InvocableHandlerMethod.doInvoke(InvocableHandlerMethod.java:189)
	at org.springframework.web.method.support.InvocableHandlerMethod.invokeForRequest(InvocableHandlerMethod.java:138)
	at org.springframework.web.servlet.mvc.method.annotation.ServletInvocableHandlerMethod.invokeAndHandle(ServletInvocableHandlerMethod.java:102)
	at org.springframework.web.servlet.mvc.method.annotation.RequestMappingHandlerAdapter.invokeHandlerMethod(RequestMappingHandlerAdapter.java:895)
	at org.springframework.web.servlet.mvc.method.annotation.RequestMappingHandlerAdapter.handleInternal(RequestMappingHandlerAdapter.java:800)
	at org.springframework.web.servlet.mvc.method.AbstractHandlerMethodAdapter.handle(AbstractHandlerMethodAdapter.java:87)
	at org.springframework.web.servlet.DispatcherServlet.doDispatch(DispatcherServlet.java:1038)
	at org.springframework.web.servlet.DispatcherServlet.doService(DispatcherServlet.java:942)
	at org.springframework.web.servlet.FrameworkServlet.processRequest(FrameworkServlet.java:1005)
	at org.springframework.web.servlet.FrameworkServlet.doGet(FrameworkServlet.java:897)
	at javax.servlet.http.HttpServlet.service(HttpServlet.java:634)
	at org.springframework.web.servlet.FrameworkServlet.service(FrameworkServlet.java:882)
	at javax.servlet.http.HttpServlet.service(HttpServlet.java:741)
	at org.apache.catalina.core.ApplicationFilterChain.internalDoFilter(ApplicationFilterChain.java:231)
	at org.apache.catalina.core.ApplicationFilterChain.doFilter(ApplicationFilterChain.java:166)
	at org.apache.tomcat.websocket.server.WsFilter.doFilter(WsFilter.java:53)
	at org.apache.catalina.core.ApplicationFilterChain.internalDoFilter(ApplicationFilterChain.java:193)
	at org.apache.catalina.core.ApplicationFilterChain.doFilter(ApplicationFilterChain.java:166)
	at org.springframework.security.web.FilterChainProxy$VirtualFilterChain.doFilter(FilterChainProxy.java:320)
	at org.springframework.security.web.access.intercept.FilterSecurityInterceptor.invoke(FilterSecurityInterceptor.java:127)
	at org.springframework.security.web.access.intercept.FilterSecurityInterceptor.doFilter(FilterSecurityInterceptor.java:91)
	at org.springframework.security.web.FilterChainProxy$VirtualFilterChain.doFilter(FilterChainProxy.java:334)
	at org.springframework.security.web.access.ExceptionTranslationFilter.doFilter(ExceptionTranslationFilter.java:119)
	at org.springframework.security.web.FilterChainProxy$VirtualFilterChain.doFilter(FilterChainProxy.java:334)
	at org.springframework.security.web.session.SessionManagementFilter.doFilter(SessionManagementFilter.java:137)
	at org.springframework.security.web.FilterChainProxy$VirtualFilterChain.doFilter(FilterChainProxy.java:334)
	at org.springframework.security.web.servletapi.SecurityContextHolderAwareRequestFilter.doFilter(SecurityContextHolderAwareRequestFilter.java:170)
	at org.springframework.security.web.FilterChainProxy$VirtualFilterChain.doFilter(FilterChainProxy.java:334)
	at org.springframework.security.web.savedrequest.RequestCacheAwareFilter.doFilter(RequestCacheAwareFilter.java:63)
	at org.springframework.security.web.FilterChainProxy$VirtualFilterChain.doFilter(FilterChainProxy.java:334)
	at org.springframework.security.oauth2.provider.authentication.OAuth2AuthenticationProcessingFilter.doFilter(OAuth2AuthenticationProcessingFilter.java:176)
	at org.springframework.security.web.FilterChainProxy$VirtualFilterChain.doFilter(FilterChainProxy.java:334)
	at org.springframework.security.web.authentication.logout.LogoutFilter.doFilter(LogoutFilter.java:116)
	at org.springframework.security.web.FilterChainProxy$VirtualFilterChain.doFilter(FilterChainProxy.java:334)
	at org.springframework.security.web.header.HeaderWriterFilter.doFilterInternal(HeaderWriterFilter.java:74)
	at org.springframework.web.filter.OncePerRequestFilter.doFilter(OncePerRequestFilter.java:107)
	at org.springframework.security.web.FilterChainProxy$VirtualFilterChain.doFilter(FilterChainProxy.java:334)
	at org.springframework.security.web.context.SecurityContextPersistenceFilter.doFilter(SecurityContextPersistenceFilter.java:105)
	at org.springframework.security.web.FilterChainProxy$VirtualFilterChain.doFilter(FilterChainProxy.java:334)
	at org.springframework.security.web.context.request.async.WebAsyncManagerIntegrationFilter.doFilterInternal(WebAsyncManagerIntegrationFilter.java:56)
	at org.springframework.web.filter.OncePerRequestFilter.doFilter(OncePerRequestFilter.java:107)
	at org.springframework.security.web.FilterChainProxy$VirtualFilterChain.doFilter(FilterChainProxy.java:334)
	at org.springframework.security.web.FilterChainProxy.doFilterInternal(FilterChainProxy.java:215)
	at org.springframework.security.web.FilterChainProxy.doFilter(FilterChainProxy.java:178)
	at org.springframework.web.filter.DelegatingFilterProxy.invokeDelegate(DelegatingFilterProxy.java:357)
	at org.springframework.web.filter.DelegatingFilterProxy.doFilter(DelegatingFilterProxy.java:270)
	at org.apache.catalina.core.ApplicationFilterChain.internalDoFilter(ApplicationFilterChain.java:193)
	at org.apache.catalina.core.ApplicationFilterChain.doFilter(ApplicationFilterChain.java:166)
	at org.springframework.web.filter.RequestContextFilter.doFilterInternal(RequestContextFilter.java:99)
	at org.springframework.web.filter.OncePerRequestFilter.doFilter(OncePerRequestFilter.java:107)
	at org.apache.catalina.core.ApplicationFilterChain.internalDoFilter(ApplicationFilterChain.java:193)
	at org.apache.catalina.core.ApplicationFilterChain.doFilter(ApplicationFilterChain.java:166)
	at org.springframework.web.filter.FormContentFilter.doFilterInternal(FormContentFilter.java:92)
	at org.springframework.web.filter.OncePerRequestFilter.doFilter(OncePerRequestFilter.java:107)
	at org.apache.catalina.core.ApplicationFilterChain.internalDoFilter(ApplicationFilterChain.java:193)
	at org.apache.catalina.core.ApplicationFilterChain.doFilter(ApplicationFilterChain.java:166)
	at org.springframework.web.filter.HiddenHttpMethodFilter.doFilterInternal(HiddenHttpMethodFilter.java:93)
	at org.springframework.web.filter.OncePerRequestFilter.doFilter(OncePerRequestFilter.java:107)
	at org.apache.catalina.core.ApplicationFilterChain.internalDoFilter(ApplicationFilterChain.java:193)
	at org.apache.catalina.core.ApplicationFilterChain.doFilter(ApplicationFilterChain.java:166)
	at org.springframework.web.filter.CharacterEncodingFilter.doFilterInternal(CharacterEncodingFilter.java:200)
	at org.springframework.web.filter.OncePerRequestFilter.doFilter(OncePerRequestFilter.java:107)
	at org.apache.catalina.core.ApplicationFilterChain.internalDoFilter(ApplicationFilterChain.java:193)
	at org.apache.catalina.core.ApplicationFilterChain.doFilter(ApplicationFilterChain.java:166)
	at org.apache.catalina.core.StandardWrapperValve.invoke(StandardWrapperValve.java:199)
	at org.apache.catalina.core.StandardContextValve.invoke(StandardContextValve.java:96)
	at org.apache.catalina.authenticator.AuthenticatorBase.invoke(AuthenticatorBase.java:490)
	at org.apache.catalina.core.StandardHostValve.invoke(StandardHostValve.java:139)
	at org.apache.catalina.valves.ErrorReportValve.invoke(ErrorReportValve.java:92)
	at org.apache.catalina.core.StandardEngineValve.invoke(StandardEngineValve.java:74)
	at org.apache.catalina.connector.CoyoteAdapter.service(CoyoteAdapter.java:343)
	at org.apache.coyote.http11.Http11Processor.service(Http11Processor.java:408)
	at org.apache.coyote.AbstractProcessorLight.process(AbstractProcessorLight.java:66)
	at org.apache.coyote.AbstractProtocol$ConnectionHandler.process(AbstractProtocol.java:791)
	at org.apache.tomcat.util.net.NioEndpoint$SocketProcessor.doRun(NioEndpoint.java:1417)
	at org.apache.tomcat.util.net.SocketProcessorBase.run(SocketProcessorBase.java:49)
	at java.util.concurrent.ThreadPoolExecutor.runWorker(Unknown Source)
	at java.util.concurrent.ThreadPoolExecutor$Worker.run(Unknown Source)
	at org.apache.tomcat.util.threads.TaskThread$WrappingRunnable.run(TaskThread.java:61)
	at java.lang.Thread.run(Unknown Source)
2019-12-04 06:29:06 INFO  o.s.b.a.SpringApplicationAdminMXBeanRegistrar$SpringApplicationAdmin - Application shutdown requested.
2019-12-04 06:29:06 INFO  o.s.s.c.ThreadPoolTaskExecutor - Shutting down ExecutorService 'applicationTaskExecutor'
2019-12-04 06:29:06 INFO  o.s.o.j.LocalContainerEntityManagerFactoryBean - Closing JPA EntityManagerFactory for persistence unit 'default'
2019-12-04 06:29:06 INFO  o.h.t.s.i.SchemaDropperImpl$DelayedDropActionImpl - HHH000477: Starting delayed evictData of schema as part of SessionFactory shut-down'
2019-12-04 06:29:06 INFO  com.zaxxer.hikari.HikariDataSource - HikariPool-1 - Shutdown initiated...
2019-12-04 06:29:06 INFO  com.zaxxer.hikari.HikariDataSource - HikariPool-1 - Shutdown completed.
2019-12-04 06:32:03 INFO  c.d.r.RoleBasedOauth2Application - Starting RoleBasedOauth2Application on lab005 with PID 9276 (C:\Users\tsipl0con\git\Oauth2RoleBased\Oauth2RoleBased\target\classes started by tsipl0con in C:\Users\tsipl0con\git\Oauth2RoleBased\Oauth2RoleBased)
2019-12-04 06:32:03 INFO  c.d.r.RoleBasedOauth2Application - No active profile set, falling back to default profiles: default
2019-12-04 06:32:03 INFO  o.s.d.r.c.RepositoryConfigurationDelegate - Bootstrapping Spring Data repositories in DEFAULT mode.
2019-12-04 06:32:03 INFO  o.s.d.r.c.RepositoryConfigurationDelegate - Finished Spring Data repository scanning in 58ms. Found 2 repository interfaces.
2019-12-04 06:32:04 INFO  o.s.c.s.PostProcessorRegistrationDelegate$BeanPostProcessorChecker - Bean 'org.springframework.transaction.annotation.ProxyTransactionManagementConfiguration' of type [org.springframework.transaction.annotation.ProxyTransactionManagementConfiguration$$EnhancerBySpringCGLIB$$d5212977] is not eligible for getting processed by all BeanPostProcessors (for example: not eligible for auto-proxying)
2019-12-04 06:32:04 INFO  o.s.c.s.PostProcessorRegistrationDelegate$BeanPostProcessorChecker - Bean 'org.springframework.security.config.annotation.configuration.ObjectPostProcessorConfiguration' of type [org.springframework.security.config.annotation.configuration.ObjectPostProcessorConfiguration$$EnhancerBySpringCGLIB$$6dcef1b1] is not eligible for getting processed by all BeanPostProcessors (for example: not eligible for auto-proxying)
2019-12-04 06:32:04 INFO  o.s.c.s.PostProcessorRegistrationDelegate$BeanPostProcessorChecker - Bean 'objectPostProcessor' of type [org.springframework.security.config.annotation.configuration.AutowireBeanFactoryObjectPostProcessor] is not eligible for getting processed by all BeanPostProcessors (for example: not eligible for auto-proxying)
2019-12-04 06:32:04 INFO  o.s.c.s.PostProcessorRegistrationDelegate$BeanPostProcessorChecker - Bean 'org.springframework.security.access.expression.method.DefaultMethodSecurityExpressionHandler@f8f56b9' of type [org.springframework.security.access.expression.method.DefaultMethodSecurityExpressionHandler] is not eligible for getting processed by all BeanPostProcessors (for example: not eligible for auto-proxying)
2019-12-04 06:32:04 INFO  o.s.c.s.PostProcessorRegistrationDelegate$BeanPostProcessorChecker - Bean 'org.springframework.security.config.annotation.method.configuration.GlobalMethodSecurityConfiguration' of type [org.springframework.security.config.annotation.method.configuration.GlobalMethodSecurityConfiguration$$EnhancerBySpringCGLIB$$92a39463] is not eligible for getting processed by all BeanPostProcessors (for example: not eligible for auto-proxying)
2019-12-04 06:32:04 INFO  o.s.c.s.PostProcessorRegistrationDelegate$BeanPostProcessorChecker - Bean 'methodSecurityMetadataSource' of type [org.springframework.security.access.method.DelegatingMethodSecurityMetadataSource] is not eligible for getting processed by all BeanPostProcessors (for example: not eligible for auto-proxying)
2019-12-04 06:32:04 INFO  o.s.b.w.e.tomcat.TomcatWebServer - Tomcat initialized with port(s): 9099 (http)
2019-12-04 06:32:04 INFO  o.a.coyote.http11.Http11NioProtocol - Initializing ProtocolHandler ["http-nio-9099"]
2019-12-04 06:32:04 INFO  o.a.catalina.core.StandardService - Starting service [Tomcat]
2019-12-04 06:32:04 INFO  o.a.catalina.core.StandardEngine - Starting Servlet Engine: Apache Tomcat/9.0.13
2019-12-04 06:32:04 INFO  o.a.c.core.AprLifecycleListener - The APR based Apache Tomcat Native library which allows optimal performance in production environments was not found on the java.library.path: [C:\Program Files\Java\jre1.8.0_211\bin;C:\Windows\Sun\Java\bin;C:\Windows\system32;C:\Windows;C:/Program Files/Java/jre1.8.0_211/bin/server;C:/Program Files/Java/jre1.8.0_211/bin;C:/Program Files/Java/jre1.8.0_211/lib/amd64;C:\Program Files (x86)\Common Files\Oracle\Java\javapath;C:\Windows\system32;C:\Windows;C:\Windows\System32\Wbem;C:\Windows\System32\WindowsPowerShell\v1.0\;C:\Windows\System32\OpenSSH\;C:\Program Files\ONLYOFFICE\DesktopEditors\converter;C:\Users\tsipl0con\AppData\Local\Microsoft\WindowsApps;;C:\Users\tsipl0con\Downloads\spring-tool-suite-3.9.10.RELEASE-e4.13.0-win32-x86_64\sts-bundle\sts-3.9.10.RELEASE;;.]
2019-12-04 06:32:04 INFO  o.a.c.c.C.[Tomcat].[localhost].[/] - Initializing Spring embedded WebApplicationContext
2019-12-04 06:32:04 INFO  o.s.web.context.ContextLoader - Root WebApplicationContext: initialization completed in 1294 ms
2019-12-04 06:32:04 INFO  com.zaxxer.hikari.HikariDataSource - HikariPool-1 - Starting...
2019-12-04 06:32:04 INFO  com.zaxxer.hikari.HikariDataSource - HikariPool-1 - Start completed.
2019-12-04 06:32:04 INFO  o.h.jpa.internal.util.LogHelper - HHH000204: Processing PersistenceUnitInfo [
	name: default
	...]
2019-12-04 06:32:05 INFO  org.hibernate.Version - HHH000412: Hibernate Core {5.3.7.Final}
2019-12-04 06:32:05 INFO  org.hibernate.cfg.Environment - HHH000206: hibernate.properties not found
2019-12-04 06:32:05 INFO  o.h.annotations.common.Version - HCANN000001: Hibernate Commons Annotations {5.0.4.Final}
2019-12-04 06:32:05 INFO  org.hibernate.dialect.Dialect - HHH000400: Using dialect: org.hibernate.dialect.H2Dialect
2019-12-04 06:32:05 INFO  o.h.t.s.internal.SchemaCreatorImpl - HHH000476: Executing import script 'org.hibernate.tool.schema.internal.exec.ScriptSourceInputNonExistentImpl@5438fa43'
2019-12-04 06:32:05 INFO  o.s.o.j.LocalContainerEntityManagerFactoryBean - Initialized JPA EntityManagerFactory for persistence unit 'default'
2019-12-04 06:32:06 WARN  o.s.s.o.p.t.s.JwtAccessTokenConverter - Unable to create an RSA verifier from verifierKey (ignoreable if using MAC)
2019-12-04 06:32:06 INFO  o.s.s.web.DefaultSecurityFilterChain - Creating filter chain: OrRequestMatcher [requestMatchers=[Ant [pattern='/users/user/login'], Ant [pattern='/oauth/token_key'], Ant [pattern='/oauth/check_token']]], [org.springframework.security.web.context.request.async.WebAsyncManagerIntegrationFilter@4a2e1e52, org.springframework.security.web.context.SecurityContextPersistenceFilter@6ad6ae45, org.springframework.security.web.header.HeaderWriterFilter@75e0a54c, org.springframework.security.web.authentication.logout.LogoutFilter@18e6b72b, org.springframework.security.web.authentication.www.BasicAuthenticationFilter@44b9c7c4, org.springframework.security.web.savedrequest.RequestCacheAwareFilter@7893c715, org.springframework.security.web.servletapi.SecurityContextHolderAwareRequestFilter@7e31062c, org.springframework.security.web.authentication.AnonymousAuthenticationFilter@3dfe92ef, org.springframework.security.web.session.SessionManagementFilter@6eed46e9, org.springframework.security.web.access.ExceptionTranslationFilter@f849027, org.springframework.security.web.access.intercept.FilterSecurityInterceptor@602298b]
2019-12-04 06:32:06 INFO  o.s.s.web.DefaultSecurityFilterChain - Creating filter chain: org.springframework.security.oauth2.config.annotation.web.configuration.ResourceServerConfiguration$NotOAuthRequestMatcher@43c0c13a, [org.springframework.security.web.context.request.async.WebAsyncManagerIntegrationFilter@731db93f, org.springframework.security.web.context.SecurityContextPersistenceFilter@5beb6be2, org.springframework.security.web.header.HeaderWriterFilter@78288f83, org.springframework.security.web.authentication.logout.LogoutFilter@31c7c281, org.springframework.security.oauth2.provider.authentication.OAuth2AuthenticationProcessingFilter@1d4cc7, org.springframework.security.web.savedrequest.RequestCacheAwareFilter@2d6a0766, org.springframework.security.web.servletapi.SecurityContextHolderAwareRequestFilter@1182d1df, org.springframework.security.web.session.SessionManagementFilter@29c1249a, org.springframework.security.web.access.ExceptionTranslationFilter@54b44879, org.springframework.security.web.access.intercept.FilterSecurityInterceptor@205159dc]
2019-12-04 06:32:06 INFO  o.s.s.web.DefaultSecurityFilterChain - Creating filter chain: any request, [org.springframework.security.web.context.request.async.WebAsyncManagerIntegrationFilter@2e29f28e, org.springframework.security.web.context.SecurityContextPersistenceFilter@38d525aa, org.springframework.security.web.header.HeaderWriterFilter@72110818, org.springframework.security.web.authentication.logout.LogoutFilter@4492b393, org.springframework.security.web.savedrequest.RequestCacheAwareFilter@f9b8129, org.springframework.security.web.servletapi.SecurityContextHolderAwareRequestFilter@7530090a, org.springframework.security.web.session.SessionManagementFilter@6eabe718, org.springframework.security.web.access.ExceptionTranslationFilter@4def42c3, org.springframework.security.web.access.intercept.FilterSecurityInterceptor@22686ddb]
2019-12-04 06:32:06 INFO  o.s.s.c.ThreadPoolTaskExecutor - Initializing ExecutorService 'applicationTaskExecutor'
2019-12-04 06:32:06 WARN  o.s.b.a.o.j.JpaBaseConfiguration$JpaWebConfiguration$JpaWebMvcConfiguration - spring.jpa.open-in-view is enabled by default. Therefore, database queries may be performed during view rendering. Explicitly configure spring.jpa.open-in-view to disable this warning
2019-12-04 06:32:07 INFO  o.a.coyote.http11.Http11NioProtocol - Starting ProtocolHandler ["http-nio-9099"]
2019-12-04 06:32:07 INFO  o.a.tomcat.util.net.NioSelectorPool - Using a shared selector for servlet write/read
2019-12-04 06:32:07 INFO  o.s.b.w.e.tomcat.TomcatWebServer - Tomcat started on port(s): 9099 (http) with context path ''
2019-12-04 06:32:07 INFO  c.d.r.RoleBasedOauth2Application - Started RoleBasedOauth2Application in 4.138 seconds (JVM running for 4.717)
2019-12-04 06:32:44 INFO  o.a.c.c.C.[Tomcat].[localhost].[/] - Initializing Spring DispatcherServlet 'dispatcherServlet'
2019-12-04 06:32:44 INFO  o.s.web.servlet.DispatcherServlet - Initializing Servlet 'dispatcherServlet'
2019-12-04 06:32:44 INFO  o.s.web.servlet.DispatcherServlet - Completed initialization in 8 ms
2019-12-04 06:32:45 INFO  o.h.h.i.QueryTranslatorFactoryInitiator - HHH000397: Using ASTQueryTranslatorFactory
